<?xml version="1.0" encoding="UTF-8"?>
<testng-results ignored="0" total="1" passed="1" failed="0" skipped="0">
  <reporter-output>
  </reporter-output>
  <suite started-at="2020-08-25T09:01:46 EDT" name="Demo" finished-at="2020-08-25T09:03:09 EDT" duration-ms="82974">
    <groups>
    </groups>
    <test started-at="2020-08-25T09:01:46 EDT" name="UserProfile" finished-at="2020-08-25T09:03:09 EDT" duration-ms="82974">
      <class name="ca.testng.practice.android.testcases.UserProfile">
        <test-method is-config="true" signature="setUpTest(java.lang.String, java.lang.String, java.lang.reflect.Method, org.testng.ITestContext)[pri:0, instance:ca.testng.practice.android.testcases.UserProfile@9d5509a]" started-at="2020-08-25T09:01:46 EDT" name="setUpTest" finished-at="2020-08-25T09:02:16 EDT" duration-ms="29883" status="PASS">
          <params>
            <param index="0">
              <value>
                <![CDATA[UserProfile.conf.json]]>
              </value>
            </param>
            <param index="1">
              <value>
                <![CDATA[samsung_galaxy_tab_s6]]>
              </value>
            </param>
            <param index="2">
              <value>
                <![CDATA[public void ca.testng.practice.android.testcases.UserProfile.test() throws java.net.MalformedURLException,java.lang.InterruptedException]]>
              </value>
            </param>
            <param index="3">
              <value>
                <![CDATA[org.testng.TestRunner@60d84f61]]>
              </value>
            </param>
          </params>
          <reporter-output>
          </reporter-output>
        </test-method> <!-- setUpTest -->
        <test-method signature="test()[pri:0, instance:ca.testng.practice.android.testcases.UserProfile@9d5509a]" started-at="2020-08-25T09:02:16 EDT" name="test" finished-at="2020-08-25T09:03:08 EDT" duration-ms="52165" status="PASS">
          <reporter-output>
          </reporter-output>
        </test-method> <!-- test -->
        <test-method is-config="true" signature="tearDown()[pri:0, instance:ca.testng.practice.android.testcases.UserProfile@9d5509a]" started-at="2020-08-25T09:03:08 EDT" name="tearDown" finished-at="2020-08-25T09:03:09 EDT" duration-ms="904" status="PASS">
          <reporter-output>
          </reporter-output>
        </test-method> <!-- tearDown -->
      </class> <!-- ca.testng.practice.android.testcases.UserProfile -->
    </test> <!-- UserProfile -->
  </suite> <!-- Demo -->
</testng-results>
